TN:
SF:/Users/zhangshun/workspace/groups/kangning1206/uxcore-transfer/src/index.js
FNF:0
FNH:0
DA:8,1
LF:1
LH:1
BRF:0
BRH:0
end_of_record
TN:
SF:/Users/zhangshun/workspace/groups/kangning1206/uxcore-transfer/src/Transfer.js
FN:19,_interopRequireDefault
FN:21,_defaults
FN:23,_classCallCheck
FN:25,_possibleConstructorReturn
FN:27,_inherits
FN:29,(anonymous_6)
FN:32,Transfer
FN:38,(anonymous_8)
FN:41,(anonymous_9)
FN:48,componentDidMount
FN:52,componentWillReceiveProps
FN:56,(anonymous_12)
FN:59,(anonymous_13)
FN:66,_isEqual
FN:76,selectItems
FN:79,(anonymous_16)
FN:84,(anonymous_17)
FN:96,reset
FN:99,(anonymous_19)
FN:102,(anonymous_20)
FN:108,locateItem
FN:154,_handleSearchIconClick
FN:167,_handleSearch
FN:182,_changeChosenData
FN:183,(anonymous_25)
FN:186,(anonymous_26)
FN:188,(anonymous_27)
FN:201,_handleItemClick
FN:205,(anonymous_29)
FN:216,_removeJustMoved
FN:219,(anonymous_31)
FN:222,(anonymous_32)
FN:225,(anonymous_33)
FN:230,_handleButtonClick
FN:254,(anonymous_35)
FN:259,_handleCheckLeftAll
FN:263,(anonymous_37)
FN:271,_handleCheckRightAll
FN:275,(anonymous_39)
FN:283,_renderItem
FN:300,_renderUnchosen
FN:302,(anonymous_42)
FN:308,_renderChosen
FN:310,(anonymous_44)
FN:316,_renderSearch
FN:331,render
FN:407,(anonymous_47)
FN:413,(anonymous_48)
FN:449,onChange
FNF:49
FNH:49
FNDA:4,_interopRequireDefault
FNDA:1,_defaults
FNDA:16,_classCallCheck
FNDA:16,_possibleConstructorReturn
FNDA:1,_inherits
FNDA:1,(anonymous_6)
FNDA:16,Transfer
FNDA:108,(anonymous_8)
FNDA:108,(anonymous_9)
FNDA:16,componentDidMount
FNDA:1,componentWillReceiveProps
FNDA:10,(anonymous_12)
FNDA:10,(anonymous_13)
FNDA:1,_isEqual
FNDA:1,selectItems
FNDA:1,(anonymous_16)
FNDA:2,(anonymous_17)
FNDA:1,reset
FNDA:10,(anonymous_19)
FNDA:10,(anonymous_20)
FNDA:4,locateItem
FNDA:2,_handleSearchIconClick
FNDA:2,_handleSearch
FNDA:2,_changeChosenData
FNDA:3,(anonymous_25)
FNDA:3,(anonymous_26)
FNDA:3,(anonymous_27)
FNDA:10,_handleItemClick
FNDA:10,(anonymous_29)
FNDA:10,_removeJustMoved
FNDA:50,(anonymous_31)
FNDA:50,(anonymous_32)
FNDA:10,(anonymous_33)
FNDA:2,_handleButtonClick
FNDA:2,(anonymous_35)
FNDA:1,_handleCheckLeftAll
FNDA:5,(anonymous_37)
FNDA:1,_handleCheckRightAll
FNDA:5,(anonymous_39)
FNDA:377,_renderItem
FNDA:45,_renderUnchosen
FNDA:191,(anonymous_42)
FNDA:45,_renderChosen
FNDA:186,(anonymous_44)
FNDA:90,_renderSearch
FNDA:45,render
FNDA:146,(anonymous_47)
FNDA:95,(anonymous_48)
FNDA:2,onChange
DA:3,1
DA:5,1
DA:7,1
DA:9,1
DA:11,1
DA:13,1
DA:15,1
DA:17,1
DA:19,4
DA:21,5
DA:23,16
DA:25,16
DA:27,1
DA:29,1
DA:30,1
DA:32,1
DA:33,16
DA:35,16
DA:37,16
DA:39,108
DA:42,108
DA:45,16
DA:48,1
DA:49,16
DA:52,1
DA:53,1
DA:54,1
DA:55,1
DA:57,10
DA:60,10
DA:66,1
DA:67,1
DA:76,1
DA:77,1
DA:78,1
DA:79,1
DA:80,1
DA:81,1
DA:84,1
DA:85,2
DA:86,1
DA:89,1
DA:96,1
DA:97,1
DA:98,1
DA:100,10
DA:103,10
DA:108,1
DA:109,4
DA:110,4
DA:111,4
DA:112,2
DA:114,2
DA:115,2
DA:116,2
DA:117,2
DA:118,2
DA:119,2
DA:120,2
DA:121,10
DA:123,2
DA:124,2
DA:125,0
DA:126,0
DA:128,2
DA:129,2
DA:130,2
DA:131,3
DA:132,2
DA:133,2
DA:136,2
DA:140,2
DA:141,0
DA:143,2
DA:144,2
DA:145,1
DA:147,1
DA:149,2
DA:150,2
DA:151,2
DA:154,1
DA:155,2
DA:156,2
DA:157,2
DA:158,2
DA:159,2
DA:160,1
DA:162,1
DA:164,2
DA:167,1
DA:168,2
DA:169,2
DA:170,2
DA:171,2
DA:172,2
DA:173,2
DA:174,1
DA:176,1
DA:178,2
DA:182,1
DA:183,2
DA:184,3
DA:186,2
DA:187,3
DA:189,3
DA:190,3
DA:191,3
DA:192,3
DA:195,2
DA:201,1
DA:202,10
DA:203,10
DA:204,10
DA:205,10
DA:206,10
DA:207,10
DA:208,10
DA:209,10
DA:210,10
DA:211,10
DA:212,10
DA:216,1
DA:217,10
DA:218,10
DA:219,10
DA:220,50
DA:222,10
DA:223,50
DA:225,10
DA:226,10
DA:230,1
DA:231,2
DA:232,2
DA:233,2
DA:234,2
DA:235,2
DA:236,2
DA:237,2
DA:238,2
DA:239,2
DA:240,2
DA:241,2
DA:242,1
DA:243,1
DA:244,1
DA:246,1
DA:247,1
DA:248,1
DA:251,2
DA:255,2
DA:259,1
DA:260,1
DA:261,1
DA:263,1
DA:264,5
DA:266,1
DA:271,1
DA:272,1
DA:273,1
DA:275,1
DA:276,5
DA:278,1
DA:283,1
DA:284,377
DA:285,377
DA:286,377
DA:300,1
DA:301,45
DA:302,45
DA:303,191
DA:305,45
DA:308,1
DA:309,45
DA:310,45
DA:311,186
DA:313,45
DA:316,1
DA:317,90
DA:318,90
DA:319,88
DA:323,88
DA:331,1
DA:332,45
DA:333,45
DA:334,45
DA:335,45
DA:339,45
DA:408,146
DA:414,95
DA:436,1
DA:439,1
DA:440,1
DA:451,1
DA:463,1
LF:194
LH:191
BRDA:19,1,0,0
BRDA:19,1,1,4
BRDA:19,2,0,4
BRDA:19,2,1,4
BRDA:21,3,0,0
BRDA:21,3,1,5
BRDA:21,4,0,5
BRDA:21,4,1,5
BRDA:21,4,2,0
BRDA:23,5,0,0
BRDA:23,5,1,16
BRDA:25,6,0,0
BRDA:25,6,1,16
BRDA:25,7,0,0
BRDA:25,7,1,16
BRDA:25,8,0,16
BRDA:25,8,1,0
BRDA:25,8,2,0
BRDA:27,9,0,0
BRDA:27,9,1,1
BRDA:27,10,0,1
BRDA:27,10,1,0
BRDA:27,11,0,1
BRDA:27,11,1,1
BRDA:27,12,0,1
BRDA:27,12,1,0
BRDA:27,13,0,0
BRDA:27,13,1,1
BRDA:54,14,0,1
BRDA:54,14,1,0
BRDA:80,15,0,1
BRDA:80,15,1,0
BRDA:85,16,0,1
BRDA:85,16,1,1
BRDA:111,17,0,2
BRDA:111,17,1,2
BRDA:124,18,0,0
BRDA:124,18,1,2
BRDA:128,19,0,2
BRDA:128,19,1,0
BRDA:131,20,0,2
BRDA:131,20,1,1
BRDA:136,21,0,2
BRDA:136,21,1,0
BRDA:140,22,0,0
BRDA:140,22,1,2
BRDA:144,23,0,1
BRDA:144,23,1,1
BRDA:159,24,0,1
BRDA:159,24,1,1
BRDA:172,25,0,2
BRDA:172,25,1,0
BRDA:173,26,0,1
BRDA:173,26,1,1
BRDA:203,27,0,0
BRDA:203,27,1,10
BRDA:208,28,0,5
BRDA:208,28,1,5
BRDA:211,29,0,5
BRDA:211,29,1,5
BRDA:226,30,0,10
BRDA:226,30,1,10
BRDA:232,31,0,0
BRDA:232,31,1,2
BRDA:235,32,0,0
BRDA:235,32,1,2
BRDA:241,33,0,1
BRDA:241,33,1,1
BRDA:318,34,0,2
BRDA:318,34,1,88
BRDA:334,35,0,45
BRDA:334,35,1,0
BRDA:336,36,0,44
BRDA:336,36,1,1
BRDA:407,37,0,45
BRDA:407,37,1,18
BRDA:413,38,0,45
BRDA:413,38,1,30
BRF:78
BRH:55
end_of_record
